<?xml version="1.0" encoding="UTF-8"?>
<!-- Generated by org.testng.reporters.JUnitReportReporter -->
<testsuite skipped="0" hostname="MININT-SL2PL6R" name="com.test.dao.TestEmail" tests="1" failures="0" timestamp="15 五月 2018 06:29:58 GMT" time="0.007" errors="0">
  <testcase name="testEmailGenerator" time="0.007" classname="com.test.dao.TestEmail"/>
</testsuite> <!-- com.test.dao.TestEmail -->
